#
# A fatal error has been detected by the Java Runtime Environment:
#
#  EXCEPTION_ACCESS_VIOLATION (0xc0000005) at pc=0x00007ff96725c4f3, pid=18224, tid=16984
#
# JRE version:  (11.0.20+9) (build )
# Java VM: Java HotSpot(TM) 64-Bit Server VM (11.0.20+9-LTS-256, mixed mode, sharing, tiered, compressed oops, g1 gc, windows-amd64)
# Problematic frame:
# V  [jvm.dll+0x1dc4f3]
#
# No core dump will be written. Minidumps are not enabled by default on client versions of Windows
#
#

---------------  S U M M A R Y ------------

Command Line: -Xmx16m org.eclipse.jdt.internal.launching.support.LibraryDetector

Host: 11th Gen Intel(R) Core(TM) i3-1115G4 @ 3.00GHz, 4 cores, 3G,  Windows 11 , 64 bit Build 22621 (10.0.22621.3085)
Time: Fri Feb 23 14:00:19 2024 Hora Padrão da Bahia elapsed time: 0.220069 seconds (0d 0h 0m 0s)

---------------  T H R E A D  ---------------

Current thread (0x000002928c92e800):  JavaThread "Unknown thread" [_thread_in_vm, id=16984, stack(0x000000d11b300000,0x000000d11b400000)]

Stack: [0x000000d11b300000,0x000000d11b400000],  sp=0x000000d11b3fedb0,  free space=1019k
Native frames: (J=compiled Java code, j=interpreted, Vv=VM code, C=native code)
V  [jvm.dll+0x1dc4f3]
V  [jvm.dll+0x1da743]
V  [jvm.dll+0x36d3bb]
V  [jvm.dll+0x760d0f]
V  [jvm.dll+0x3df467]
V  [jvm.dll+0x3e1511]
C  [jli.dll+0x52e7]
C  [ucrtbase.dll+0x29363]
C  [KERNEL32.DLL+0x1257d]
C  [ntdll.dll+0x5aa58]


siginfo: EXCEPTION_ACCESS_VIOLATION (0xc0000005), reading address 0x0000000000000000


Registers:
RAX=0x0000647e1659cb2c, RBX=0x0000000000000000, RCX=0x0000000000000000, RDX=0x0000000000000000
RSP=0x000000d11b3fedb0, RBP=0x0000000000000000, RSI=0x000002928c92e800, RDI=0x0000000000000000
R8 =0x0000000000000000, R9 =0x0000000000000000, R10=0x0000000000000000, R11=0x000000d11b3feb70
R12=0x0000000000000000, R13=0x00007ff96768af10, R14=0x000000d11b3ffac8, R15=0x0000000000000008
RIP=0x00007ff96725c4f3, EFLAGS=0x0000000000010256

Top of Stack: (sp=0x000000d11b3fedb0)
0x000000d11b3fedb0:   000002928a88bcf0 00007ff9c5052990
0x000000d11b3fedc0:   0000000000000008 000000d11b3ffac8
0x000000d11b3fedd0:   0000000000000000 0000000000000400
0x000000d11b3fede0:   0000361183456de8 00007ff96768af10
0x000000d11b3fedf0:   000000d11b3ff2d0 000000d11b3ffac8
0x000000d11b3fee00:   00007ff96768af10 0000000000000000
0x000000d11b3fee10:   0000000000000008 0000000000000000
0x000000d11b3fee20:   00007ff9a72d0000 00007ff96790aa20
0x000000d11b3fee30:   00007ff96725a5ea 00007ff9c508234c
0x000000d11b3fee40:   0000000000000000 00007ff967706f43
0x000000d11b3fee50:   0000647e1659cb2c 00007ff96768af10
0x000000d11b3fee60:   0000000000000000 00007ff96768af10
0x000000d11b3fee70:   000002928c92e800 000000d11b3fef90
0x000000d11b3fee80:   000002928a8845c0 00007ff96725a743
0x000000d11b3fee90:   00007ff9a72a0000 00007ff9a72dd224
0x000000d11b3feea0:   000000d11b3fef90 000002928c92e800 

Instructions: (pc=0x00007ff96725c4f3)
0x00007ff96725c4d3:   00 48 33 c4 48 89 84 24 a0 00 00 00 48 8b e9 48
0x00007ff96725c4e3:   c7 c3 ff ff ff ff 0f 1f 80 00 00 00 00 48 ff c3
0x00007ff96725c4f3:   80 3c 0b 00 75 f7 33 f6 c6 44 24 30 01 40 38 35
0x00007ff96725c503:   3f eb 8b 00 74 17 40 38 35 10 51 8b 00 75 0e 33 



---------------  P R O C E S S  ---------------

Threads class SMR info:
_java_thread_list=0x000002928a876c90, length=0, elements={
}

Java Threads: ( => current thread )

Other Threads:

=>0x000002928c92e800 (exited) JavaThread "Unknown thread" [_thread_in_vm, id=16984, stack(0x000000d11b300000,0x000000d11b400000)]

Threads with active compile tasks:

VM state:not at safepoint (not fully initialized)

VM Mutex/Monitor currently owned by a thread: None


[error occurred during error reporting (printing compressed oops mode), id 0xc0000005, EXCEPTION_ACCESS_VIOLATION (0xc0000005) at pc=0x00007ff9677fd227]

Deoptimization events (0 events):
No events

Classes redefined (0 events):
No events

Internal exceptions (0 events):
No events

Events (0 events):
No events


Dynamic libraries:
0x00007ff7a9e90000 - 0x00007ff7a9ea0000 	C:\Program Files\Java\jdk-11\bin\javaw.exe
0x00007ff9c77f0000 - 0x00007ff9c7a07000 	C:\Windows\SYSTEM32\ntdll.dll
0x00007ff9c6880000 - 0x00007ff9c6944000 	C:\Windows\System32\KERNEL32.DLL
0x00007ff9c5030000 - 0x00007ff9c53d6000 	C:\Windows\System32\KERNELBASE.dll
0x00007ff9c4e40000 - 0x00007ff9c4f51000 	C:\Windows\System32\ucrtbase.dll
0x00007ff9a7320000 - 0x00007ff9a7339000 	C:\Program Files\Java\jdk-11\bin\jli.dll
0x00007ff9c65d0000 - 0x00007ff9c6683000 	C:\Windows\System32\ADVAPI32.dll
0x00007ff9c5910000 - 0x00007ff9c59b7000 	C:\Windows\System32\msvcrt.dll
0x00007ff9c67c0000 - 0x00007ff9c6868000 	C:\Windows\System32\sechost.dll
0x00007ff9c5000000 - 0x00007ff9c5028000 	C:\Windows\System32\bcrypt.dll
0x00007ff9c66a0000 - 0x00007ff9c67b7000 	C:\Windows\System32\RPCRT4.dll
0x00007ff9c6fe0000 - 0x00007ff9c718e000 	C:\Windows\System32\USER32.dll
0x00007ff9c5510000 - 0x00007ff9c5536000 	C:\Windows\System32\win32u.dll
0x00007ff9c6460000 - 0x00007ff9c6489000 	C:\Windows\System32\GDI32.dll
0x00007ff9c4d20000 - 0x00007ff9c4e38000 	C:\Windows\System32\gdi32full.dll
0x00007ff9c4f60000 - 0x00007ff9c4ffa000 	C:\Windows\System32\msvcp_win.dll
0x00007ff9a7300000 - 0x00007ff9a731b000 	C:\Program Files\Java\jdk-11\bin\VCRUNTIME140.dll
0x00007ff9addd0000 - 0x00007ff9ae063000 	C:\Windows\WinSxS\amd64_microsoft.windows.common-controls_6595b64144ccf1df_6.0.22621.2506_none_270c5ae97388e100\COMCTL32.dll
0x00007ff9b6fc0000 - 0x00007ff9b6fca000 	C:\Windows\SYSTEM32\VERSION.dll
0x00007ff9c6590000 - 0x00007ff9c65c1000 	C:\Windows\System32\IMM32.DLL
0x00007ff9ab490000 - 0x00007ff9ab49c000 	C:\Program Files\Java\jdk-11\bin\vcruntime140_1.dll
0x00007ff96d640000 - 0x00007ff96d6ce000 	C:\Program Files\Java\jdk-11\bin\msvcp140.dll
0x00007ff967080000 - 0x00007ff967bed000 	C:\Program Files\Java\jdk-11\bin\server\jvm.dll
0x00007ff9c6690000 - 0x00007ff9c6698000 	C:\Windows\System32\PSAPI.DLL
0x00007ff99fa10000 - 0x00007ff99fa19000 	C:\Windows\SYSTEM32\WSOCK32.dll
0x00007ff9c6f50000 - 0x00007ff9c6fc1000 	C:\Windows\System32\WS2_32.dll
0x00007ff9b7cd0000 - 0x00007ff9b7d04000 	C:\Windows\SYSTEM32\WINMM.dll
0x00007ff9c3c60000 - 0x00007ff9c3c78000 	C:\Windows\SYSTEM32\kernel.appcore.dll
0x00007ff9aaaa0000 - 0x00007ff9aaab0000 	C:\Program Files\Java\jdk-11\bin\verify.dll
0x00007ff9c2320000 - 0x00007ff9c2553000 	C:\Windows\SYSTEM32\DBGHELP.DLL
0x00007ff9c69d0000 - 0x00007ff9c6d59000 	C:\Windows\System32\combase.dll
0x00007ff9c6e10000 - 0x00007ff9c6ee7000 	C:\Windows\System32\OLEAUT32.dll
0x00007ff99f320000 - 0x00007ff99f352000 	C:\Windows\SYSTEM32\dbgcore.DLL
0x00007ff9c4ca0000 - 0x00007ff9c4d1a000 	C:\Windows\System32\bcryptPrimitives.dll
0x00007ff9a72d0000 - 0x00007ff9a72f8000 	C:\Program Files\Java\jdk-11\bin\java.dll
0x00007ff9a72c0000 - 0x00007ff9a72ca000 	C:\Program Files\Java\jdk-11\bin\jimage.dll
0x00007ff9a72a0000 - 0x00007ff9a72b7000 	C:\Program Files\Java\jdk-11\bin\zip.dll

dbghelp: loaded successfully - version: 4.0.5 - missing functions: none
symbol engine: initialized successfully - sym options: 0x614 - pdb path: .;C:\Program Files\Java\jdk-11\bin;C:\Windows\SYSTEM32;C:\Windows\WinSxS\amd64_microsoft.windows.common-controls_6595b64144ccf1df_6.0.22621.2506_none_270c5ae97388e100;C:\Program Files\Java\jdk-11\bin\server

VM Arguments:
jvm_args: -Xmx16m 
java_command: org.eclipse.jdt.internal.launching.support.LibraryDetector
java_class_path (initial): C:\Users\Edenilson Fabiano\AppData\Roaming\Code\User\globalStorage\redhat.java\1.28.1\config_ss_win\org.eclipse.osgi\38\0\.cp\lib\launchingsupport.jar
Launcher Type: SUN_STANDARD

[Global flags]
     uint G1ConcRefinementThreads                  = 4                                         {product} {ergonomic}
    uintx GCDrainStackTargetSize                   = 64                                        {product} {ergonomic}
   size_t InitialHeapSize                          = 16777216                                  {product} {ergonomic}
   size_t MaxHeapSize                              = 16777216                                  {product} {command line}
    uintx ReservedCodeCacheSize                    = 251658240                              {pd product} {ergonomic}
     bool SegmentedCodeCache                       = true                                      {product} {ergonomic}
     bool UseCompressedClassPointers               = true                                 {lp64_product} {ergonomic}
     bool UseCompressedOops                        = true                                 {lp64_product} {ergonomic}
     bool UseG1GC                                  = true                                      {product} {ergonomic}
     bool UseLargePagesIndividualAllocation        = false                                  {pd product} {ergonomic}

Logging:
Log output configuration:
 #0: stdout all=warning uptime,level,tags
 #1: stderr all=off uptime,level,tags

Environment Variables:
PATH=C:\Program Files\Common Files\Oracle\Java\javapath;C:\Windows\system32;C:\Windows;C:\Windows\System32\Wbem;C:\Windows\System32\WindowsPowerShell\v1.0\;C:\Windows\System32\OpenSSH\;C:\Program Files\Microsoft SQL Server\150\Tools\Binn\;C:\Program Files\Git\cmd;C:\Users\Edenilson Fabiano\AppData\Local\Microsoft\WindowsApps;C:\Users\Edenilson Fabiano\AppData\Local\GitHubDesktop\bin;C:\Program Files\JetBrains\IntelliJ IDEA Community Edition 2023.2.5\bin;C:\Users\Edenilson Fabiano\AppData\Local\JetBrains\Toolbox\scripts;C:\Users\Edenilson Fabiano\AppData\Local\Programs\Microsoft VS Code\bin
USERNAME=Edenilson Fabiano
OS=Windows_NT
PROCESSOR_IDENTIFIER=Intel64 Family 6 Model 140 Stepping 1, GenuineIntel



---------------  S Y S T E M  ---------------

OS: Windows 11 , 64 bit Build 22621 (10.0.22621.3085)

CPU:total 4 (initial active 4) 

Memory: 4k page, system-wide physical 3819M (76M free)
TotalPageFile size 12551M (AvailPageFile size 4872M)
current process WorkingSet (physical memory assigned to process): 9M, peak: 9M
current process commit charge ("private bytes"): 3M, peak: 3M

vm_info: Java HotSpot(TM) 64-Bit Server VM (11.0.20+9-LTS-256) for windows-amd64 JRE (11.0.20+9-LTS-256), built on Jun 14 2023 10:34:22 by "mach5one" with MS VC++ 17.1 (VS2022)

END.
